<?xml version="1.0" encoding="UTF-8"?>
<!-- Generated by org.testng.reporters.JUnitReportReporter -->
<testsuite skipped="0" hostname="PravssLappy" name="com.crm.qa.testcases.LoginPageTest" tests="6" failures="0" timestamp="09 Jul 2019 09:03:28 GMT" time="70.512" errors="0">
  <testcase name="loginPageTitleTest" time="11.107" classname="com.crm.qa.testcases.LoginPageTest"/>
  <testcase name="emailFieldExistTest" time="11.012" classname="com.crm.qa.testcases.LoginPageTest"/>
  <testcase name="passwordFieldExistTest" time="9.957" classname="com.crm.qa.testcases.LoginPageTest"/>
  <testcase name="loginButtonExist" time="10.513" classname="com.crm.qa.testcases.LoginPageTest"/>
  <testcase name="clikForgotLinkTest" time="13.571" classname="com.crm.qa.testcases.LoginPageTest"/>
  <testcase name="clickSignUpLinkTest" time="14.352" classname="com.crm.qa.testcases.LoginPageTest"/>
</testsuite> <!-- com.crm.qa.testcases.LoginPageTest -->
