<?xml version="1.0" encoding="UTF-8"?>
<!-- Generated by org.testng.reporters.JUnitReportReporter -->
<testsuite hostname="MWEB-GBD3DUC013" failures="0" tests="1" name="com.crm.qa.testcases.HomePageTest" time="16.049" errors="0" timestamp="09 Jul 2019 18:32:26 GMT" skipped="0">
  <testcase classname="com.crm.qa.testcases.HomePageTest" name="m1" time="16.049"/>
</testsuite> <!-- com.crm.qa.testcases.HomePageTest -->
