<?xml version="1.0" encoding="UTF-8"?>
<!-- Generated by org.testng.reporters.JUnitReportReporter -->
<testsuite skipped="0" hostname="PravssLappy" name="com.crm.qa.testcases.LoginPageTest" tests="7" failures="0" timestamp="10 Jul 2019 08:11:39 GMT" time="120.442" errors="0">
  <testcase name="loginPageTitleTest" time="14.611" classname="com.crm.qa.testcases.LoginPageTest"/>
  <testcase name="emailFieldExistTest" time="15.623" classname="com.crm.qa.testcases.LoginPageTest"/>
  <testcase name="passwordFieldExistTest" time="14.893" classname="com.crm.qa.testcases.LoginPageTest"/>
  <testcase name="loginButtonExistTest" time="13.712" classname="com.crm.qa.testcases.LoginPageTest"/>
  <testcase name="clikForgotLinkTest" time="21.804" classname="com.crm.qa.testcases.LoginPageTest"/>
  <testcase name="clickSignUpLinkTest" time="25.849" classname="com.crm.qa.testcases.LoginPageTest"/>
  <testcase name="loginTest" time="13.950" classname="com.crm.qa.testcases.LoginPageTest"/>
</testsuite> <!-- com.crm.qa.testcases.LoginPageTest -->
