<?xml version="1.0" encoding="UTF-8"?>
<!-- Generated by org.testng.reporters.JUnitReportReporter -->
<testsuite hostname="MWEB-GBD3DUC013" failures="0" tests="1" name="com.crm.qa.testcases.Assertions" time="0.018" errors="0" timestamp="11 Jul 2019 14:55:41 GMT" skipped="0">
  <testcase classname="com.crm.qa.testcases.Assertions" name="assertclass" time="0.018"/>
</testsuite> <!-- com.crm.qa.testcases.Assertions -->
