<?xml version="1.0" encoding="UTF-8"?>
<!-- Generated by org.testng.reporters.JUnitReportReporter -->
<testsuite hostname="MWEB-GBD3DUC013" failures="0" tests="1" name="com.crm.qa.testcases.ContactsPageTest" time="19.180" errors="0" timestamp="09 Jul 2019 19:12:07 GMT" skipped="0">
  <testcase classname="com.crm.qa.testcases.ContactsPageTest" name="clickEditTest" time="19.180"/>
</testsuite> <!-- com.crm.qa.testcases.ContactsPageTest -->
