<?xml version="1.0" encoding="UTF-8"?>
<!-- Generated by org.testng.reporters.JUnitReportReporter -->
<testsuite hostname="MWEB-GBD3DUC013" failures="0" tests="7" name="com.crm.qa.testcases.LoginPageTest" time="19.311" errors="0" timestamp="09 Jul 2019 15:00:07 GMT" skipped="6">
  <testcase classname="com.crm.qa.testcases.LoginPageTest" name="loginTest" time="19.311"/>
  <testcase classname="com.crm.qa.testcases.LoginPageTest" name="clikForgotLinkTest">
    <skipped/>
  </testcase> <!-- clikForgotLinkTest -->
  <testcase classname="com.crm.qa.testcases.LoginPageTest" name="loginPageTitleTest">
    <skipped/>
  </testcase> <!-- loginPageTitleTest -->
  <testcase classname="com.crm.qa.testcases.LoginPageTest" name="passwordFieldExistTest">
    <skipped/>
  </testcase> <!-- passwordFieldExistTest -->
  <testcase classname="com.crm.qa.testcases.LoginPageTest" name="loginButtonExistTest">
    <skipped/>
  </testcase> <!-- loginButtonExistTest -->
  <testcase classname="com.crm.qa.testcases.LoginPageTest" name="clickSignUpLinkTest">
    <skipped/>
  </testcase> <!-- clickSignUpLinkTest -->
  <testcase classname="com.crm.qa.testcases.LoginPageTest" name="emailFieldExistTest">
    <skipped/>
  </testcase> <!-- emailFieldExistTest -->
</testsuite> <!-- com.crm.qa.testcases.LoginPageTest -->
